<?xml version="1.0" encoding="UTF-8"?>
<testng-results ignored="0" total="1" passed="1" failed="0" skipped="0">
  <reporter-output>
  </reporter-output>
  <suite started-at="2024-03-07T12:13:34 IST" name="Default suite" finished-at="2024-03-07T12:13:49 IST" duration-ms="15414">
    <groups>
    </groups>
    <test started-at="2024-03-07T12:13:34 IST" name="Default test" finished-at="2024-03-07T12:13:49 IST" duration-ms="15414">
      <class name="Test.Base">
        <test-method signature="login()[pri:0, instance:Test.Base@362045c0]" started-at="2024-03-07T12:13:34 IST" name="login" finished-at="2024-03-07T12:13:49 IST" duration-ms="15320" status="PASS">
          <reporter-output>
          </reporter-output>
        </test-method> <!-- login -->
      </class> <!-- Test.Base -->
    </test> <!-- Default test -->
  </suite> <!-- Default suite -->
</testng-results>
