<?xml version="1.0" encoding="UTF-8"?>
<testng-results ignored="0" total="1" passed="1" failed="0" skipped="0">
  <reporter-output>
  </reporter-output>
  <suite started-at="2024-03-18T16:06:09 IST" name="Default suite" finished-at="2024-03-18T16:06:15 IST" duration-ms="5995">
    <groups>
    </groups>
    <test started-at="2024-03-18T16:06:09 IST" name="Default test" finished-at="2024-03-18T16:06:15 IST" duration-ms="5995">
      <class name="com.umang.base.Base">
        <test-method is-config="true" signature="loadconfig()[pri:0, instance:com.umang.base.Base@6b00f608]" started-at="2024-03-18T16:06:10 IST" name="loadconfig" finished-at="2024-03-18T16:06:10 IST" duration-ms="16" status="PASS">
          <reporter-output>
          </reporter-output>
        </test-method> <!-- loadconfig -->
        <test-method signature="launchapp()[pri:0, instance:com.umang.base.Base@6b00f608]" started-at="2024-03-18T16:06:10 IST" name="launchapp" finished-at="2024-03-18T16:06:15 IST" duration-ms="5924" status="PASS">
          <reporter-output>
          </reporter-output>
        </test-method> <!-- launchapp -->
      </class> <!-- com.umang.base.Base -->
    </test> <!-- Default test -->
  </suite> <!-- Default suite -->
</testng-results>
